<?xml version="1.0" encoding="UTF-8" ?>
<testsuite tests="1" failures="0" name="www.uffda.kr.AppTest" time="0" errors="0" skipped="0">
  <properties>
    <property name="java.runtime.name" value="OpenJDK Runtime Environment"/>
    <property name="sun.boot.library.path" value="C:\Program Files\Java\java-1.8.0-openjdk-1.8.0.222\jre\bin"/>
    <property name="java.vm.version" value="25.222-b10"/>
    <property name="java.vm.vendor" value=""/>
    <property name="maven.multiModuleProjectDirectory" value="C:\Users\Lee\eclipse-workspace\kr"/>
    <property name="java.vendor.url" value="http://java.oracle.com/"/>
    <property name="path.separator" value=";"/>
    <property name="guice.disable.misplaced.annotation.check" value="true"/>
    <property name="java.vm.name" value="OpenJDK 64-Bit Server VM"/>
    <property name="file.encoding.pkg" value="sun.io"/>
    <property name="user.script" value=""/>
    <property name="user.country" value="KR"/>
    <property name="sun.java.launcher" value="SUN_STANDARD"/>
    <property name="sun.os.patch.level" value=""/>
    <property name="java.vm.specification.name" value="Java Virtual Machine Specification"/>
    <property name="user.dir" value="C:\Users\Lee\eclipse-workspace\kr"/>
    <property name="java.runtime.version" value="1.8.0_222-2-ojdkbuild-b10"/>
    <property name="java.awt.graphicsenv" value="sun.awt.Win32GraphicsEnvironment"/>
    <property name="java.endorsed.dirs" value="C:\Program Files\Java\java-1.8.0-openjdk-1.8.0.222\jre\lib\endorsed"/>
    <property name="os.arch" value="amd64"/>
    <property name="java.io.tmpdir" value="C:\Users\Lee\AppData\Local\Temp\"/>
    <property name="line.separator" value="
"/>
    <property name="java.vm.specification.vendor" value="Oracle Corporation"/>
    <property name="user.variant" value=""/>
    <property name="os.name" value="Windows 10"/>
    <property name="classworlds.conf" value="C:\Users\Lee\eclipse-workspace\.metadata\.plugins\org.eclipse.m2e.launching\launches\m2conf7871959671447990522.tmp"/>
    <property name="sun.jnu.encoding" value="MS949"/>
    <property name="java.library.path" value="C:\Program Files\Java\java-1.8.0-openjdk-1.8.0.222\bin;C:\WINDOWS\Sun\Java\bin;C:\WINDOWS\system32;C:\WINDOWS;C:/Program Files/Java/jre1.8.0_201/bin/server;C:/Program Files/Java/jre1.8.0_201/bin;C:/Program Files/Java/jre1.8.0_201/lib/amd64;C:\Program Files (x86)\Common Files\Oracle\Java\javapath;C:\WINDOWS\system32;C:\WINDOWS;C:\WINDOWS\System32\Wbem;C:\WINDOWS\System32\WindowsPowerShell\v1.0\;C:\Program Files\PuTTY\;C:\Program Files\Git\cmd;C:\WINDOWS\System32\OpenSSH\;C:\Users\Lee\portable\apache-maven-3.6.0\bin;C:\Program Files\Java\jdk1.8.0_171\bin;C:\Program Files\MySQL\MySQL Utilities 1.6\;C:\Ruby26-x64\bin;C:\Users\Lee\AppData\Local\Microsoft\WindowsApps;C:\Program Files\Bandizip\;C:\Users\Lee\AppData\Local\Google\Cloud SDK\google-cloud-sdk\bin;C:\Users\Lee\Desktop;;."/>
    <property name="m2e.workspace.state" value="C:\Users\Lee\eclipse-workspace\.metadata\.plugins\org.eclipse.m2e.core\workspacestate.properties"/>
    <property name="java.specification.name" value="Java Platform API Specification"/>
    <property name="java.class.version" value="52.0"/>
    <property name="sun.management.compiler" value="HotSpot 64-Bit Tiered Compilers"/>
    <property name="os.version" value="10.0"/>
    <property name="user.home" value="C:\Users\Lee"/>
    <property name="user.timezone" value="Asia/Seoul"/>
    <property name="java.awt.printerjob" value="sun.awt.windows.WPrinterJob"/>
    <property name="java.specification.version" value="1.8"/>
    <property name="file.encoding" value="UTF-8"/>
    <property name="user.name" value="Lee"/>
    <property name="java.class.path" value="C:\Users\Lee\.p2\pool\plugins\org.eclipse.m2e.maven.runtime_1.10.0.20181127-2120\jars\plexus-classworlds-2.5.2.jar"/>
    <property name="java.vm.specification.version" value="1.8"/>
    <property name="sun.arch.data.model" value="64"/>
    <property name="java.home" value="C:\Program Files\Java\java-1.8.0-openjdk-1.8.0.222\jre"/>
    <property name="sun.java.command" value="org.codehaus.plexus.classworlds.launcher.Launcher -B -U package"/>
    <property name="java.specification.vendor" value="Oracle Corporation"/>
    <property name="user.language" value="ko"/>
    <property name="awt.toolkit" value="sun.awt.windows.WToolkit"/>
    <property name="java.vm.info" value="mixed mode"/>
    <property name="java.version" value="1.8.0_222-2-ojdkbuild"/>
    <property name="java.ext.dirs" value="C:\Program Files\Java\java-1.8.0-openjdk-1.8.0.222\jre\lib\ext;C:\WINDOWS\Sun\Java\lib\ext"/>
    <property name="sun.boot.class.path" value="C:\Program Files\Java\java-1.8.0-openjdk-1.8.0.222\jre\lib\resources.jar;C:\Program Files\Java\java-1.8.0-openjdk-1.8.0.222\jre\lib\rt.jar;C:\Program Files\Java\java-1.8.0-openjdk-1.8.0.222\jre\lib\sunrsasign.jar;C:\Program Files\Java\java-1.8.0-openjdk-1.8.0.222\jre\lib\jsse.jar;C:\Program Files\Java\java-1.8.0-openjdk-1.8.0.222\jre\lib\jce.jar;C:\Program Files\Java\java-1.8.0-openjdk-1.8.0.222\jre\lib\charsets.jar;C:\Program Files\Java\java-1.8.0-openjdk-1.8.0.222\jre\lib\jfr.jar;C:\Program Files\Java\java-1.8.0-openjdk-1.8.0.222\jre\classes"/>
    <property name="java.vendor" value="Oracle Corporation"/>
    <property name="maven.home" value="C:\Users\Lee\eclipse-workspace\kr\EMBEDDED"/>
    <property name="file.separator" value="\"/>
    <property name="java.vendor.url.bug" value="http://bugreport.sun.com/bugreport/"/>
    <property name="sun.cpu.endian" value="little"/>
    <property name="sun.io.unicode.encoding" value="UnicodeLittle"/>
    <property name="sun.desktop" value="windows"/>
    <property name="sun.cpu.isalist" value="amd64"/>
  </properties>
  <testcase classname="www.uffda.kr.AppTest" name="testApp" time="0"/>
</testsuite>